2025-03-15 00:58:59,571 - INFO - Estado inicial de la base de datos guardado. Mes actual: 3/2025, Próximo mes: 4/2025
2025-03-15 00:58:59,571 - INFO - BackgroundWorker inicializado
2025-03-15 00:58:59,572 - INFO - BackgroundTaskManager iniciado
2025-03-15 00:58:59,599 - INFO - BackgroundWorker iniciado
2025-03-15 01:00:29,989 - INFO - Estado inicial de la base de datos guardado. Mes actual: 3/2025, Próximo mes: 4/2025
2025-03-15 01:00:29,990 - INFO - BackgroundWorker inicializado
2025-03-15 01:00:29,990 - INFO - BackgroundTaskManager iniciado
2025-03-15 01:00:29,990 - INFO - BackgroundWorker iniciado
2025-03-15 01:00:50,545 - INFO - Estado inicial de la base de datos guardado. Mes actual: 3/2025, Próximo mes: 4/2025
2025-03-15 01:00:50,546 - INFO - BackgroundWorker inicializado
2025-03-15 01:00:50,547 - INFO - BackgroundTaskManager iniciado
2025-03-15 01:00:50,547 - INFO - BackgroundWorker iniciado
2025-03-15 01:01:32,355 - INFO - Estado inicial de la base de datos guardado. Mes actual: 3/2025, Próximo mes: 4/2025
2025-03-15 01:01:32,356 - INFO - BackgroundWorker inicializado
2025-03-15 01:01:32,356 - INFO - BackgroundTaskManager iniciado
2025-03-15 01:01:32,356 - INFO - BackgroundWorker iniciado
2025-03-15 01:02:43,375 - INFO - Estado inicial de la base de datos guardado. Mes actual: 3/2025, Próximo mes: 4/2025
2025-03-15 01:02:43,375 - INFO - BackgroundWorker inicializado
2025-03-15 01:02:43,375 - INFO - BackgroundTaskManager iniciado
2025-03-15 01:02:43,375 - INFO - BackgroundWorker iniciado
2025-03-15 01:03:26,292 - INFO - Estado inicial de la base de datos guardado. Mes actual: 3/2025, Próximo mes: 4/2025
2025-03-15 01:03:26,293 - INFO - BackgroundWorker inicializado
2025-03-15 01:03:26,293 - INFO - BackgroundTaskManager iniciado
2025-03-15 01:03:26,293 - INFO - BackgroundWorker iniciado
2025-03-15 01:05:08,178 - INFO - Estado inicial de la base de datos guardado. Mes actual: 3/2025, Próximo mes: 4/2025
2025-03-15 01:05:08,179 - INFO - BackgroundWorker inicializado
2025-03-15 01:05:08,179 - INFO - BackgroundTaskManager iniciado
2025-03-15 01:05:08,179 - INFO - BackgroundWorker iniciado
2025-03-15 01:05:26,113 - INFO - Estado inicial de la base de datos guardado. Mes actual: 3/2025, Próximo mes: 4/2025
2025-03-15 01:05:26,113 - INFO - BackgroundWorker inicializado
2025-03-15 01:05:26,113 - INFO - BackgroundTaskManager iniciado
2025-03-15 01:05:26,114 - INFO - BackgroundWorker iniciado
2025-03-15 01:06:29,585 - INFO - Estado inicial de la base de datos guardado. Mes actual: 3/2025, Próximo mes: 4/2025
2025-03-15 01:06:29,585 - INFO - BackgroundWorker inicializado
2025-03-15 01:06:29,585 - INFO - BackgroundTaskManager iniciado
2025-03-15 01:06:29,585 - INFO - BackgroundWorker iniciado
2025-03-15 01:08:56,592 - INFO - Estado inicial de la base de datos guardado. Mes actual: 3/2025, Próximo mes: 4/2025
2025-03-15 01:08:56,593 - INFO - BackgroundWorker inicializado
2025-03-15 01:08:56,593 - INFO - BackgroundTaskManager iniciado
2025-03-15 01:08:56,593 - INFO - BackgroundWorker iniciado
2025-03-15 01:11:57,850 - INFO - Estado inicial de la base de datos guardado. Mes actual: 3/2025, Próximo mes: 4/2025
2025-03-15 01:11:57,851 - INFO - BackgroundWorker inicializado
2025-03-15 01:11:57,851 - INFO - BackgroundTaskManager iniciado
2025-03-15 01:11:57,851 - INFO - BackgroundWorker iniciado
2025-03-15 01:12:21,579 - INFO - Estado inicial de la base de datos guardado. Mes actual: 3/2025, Próximo mes: 4/2025
2025-03-15 01:12:21,579 - INFO - BackgroundWorker inicializado
2025-03-15 01:12:21,579 - INFO - BackgroundTaskManager iniciado
2025-03-15 01:12:21,579 - INFO - BackgroundWorker iniciado
2025-03-15 01:16:55,623 - INFO - Estado inicial de la base de datos guardado. Mes actual: 3/2025, Próximo mes: 4/2025
2025-03-15 01:16:55,624 - INFO - BackgroundWorker inicializado
2025-03-15 01:16:55,624 - INFO - BackgroundTaskManager iniciado
2025-03-15 01:16:55,624 - INFO - BackgroundWorker iniciado
2025-03-15 01:17:38,966 - INFO - Estado inicial de la base de datos guardado. Mes actual: 3/2025, Próximo mes: 4/2025
2025-03-15 01:17:38,966 - INFO - BackgroundWorker inicializado
2025-03-15 01:17:38,967 - INFO - BackgroundTaskManager iniciado
2025-03-15 01:17:38,967 - INFO - BackgroundWorker iniciado
2025-03-15 01:21:17,597 - INFO - Estado inicial de la base de datos guardado. Mes actual: 3/2025, Próximo mes: 4/2025
2025-03-15 01:21:17,598 - INFO - BackgroundWorker inicializado
2025-03-15 01:21:17,598 - INFO - BackgroundTaskManager iniciado
2025-03-15 01:21:17,598 - INFO - BackgroundWorker iniciado
2025-03-15 01:23:35,420 - INFO - Estado inicial de la base de datos guardado. Mes actual: 3/2025, Próximo mes: 4/2025
2025-03-15 01:23:35,421 - INFO - BackgroundWorker inicializado
2025-03-15 01:23:35,421 - INFO - BackgroundTaskManager iniciado
2025-03-15 01:23:35,422 - INFO - BackgroundWorker iniciado
2025-03-15 01:23:53,126 - INFO - Estado inicial de la base de datos guardado. Mes actual: 3/2025, Próximo mes: 4/2025
2025-03-15 01:23:53,126 - INFO - BackgroundWorker inicializado
2025-03-15 01:23:53,127 - INFO - BackgroundTaskManager iniciado
2025-03-15 01:23:53,127 - INFO - BackgroundWorker iniciado
2025-03-15 01:24:23,155 - INFO - Se detectaron cambios en la base de datos, notificando a la interfaz
2025-03-15 01:26:42,640 - INFO - Estado inicial de la base de datos guardado. Mes actual: 3/2025, Próximo mes: 4/2025
2025-03-15 01:26:42,640 - INFO - BackgroundWorker inicializado
2025-03-15 01:26:42,641 - INFO - BackgroundTaskManager iniciado
2025-03-15 01:26:42,681 - INFO - BackgroundWorker iniciado
2025-03-15 01:27:21,642 - INFO - Estado inicial de la base de datos guardado. Mes actual: 3/2025, Próximo mes: 4/2025
2025-03-15 01:27:21,642 - INFO - BackgroundWorker inicializado
2025-03-15 01:27:21,643 - INFO - BackgroundTaskManager iniciado
2025-03-15 01:27:21,643 - INFO - BackgroundWorker iniciado
2025-03-15 01:28:08,816 - INFO - Estado inicial de la base de datos guardado. Mes actual: 3/2025, Próximo mes: 4/2025
2025-03-15 01:28:08,816 - INFO - BackgroundWorker inicializado
2025-03-15 01:28:08,816 - INFO - BackgroundTaskManager iniciado
2025-03-15 01:28:08,817 - INFO - BackgroundWorker iniciado
2025-03-15 01:29:28,156 - INFO - Estado inicial de la base de datos guardado. Mes actual: 3/2025, Próximo mes: 4/2025
2025-03-15 01:29:28,156 - INFO - BackgroundWorker inicializado
2025-03-15 01:29:28,157 - INFO - BackgroundTaskManager iniciado
2025-03-15 01:29:28,157 - INFO - BackgroundWorker iniciado
2025-03-15 01:30:38,427 - INFO - Estado inicial de la base de datos guardado. Mes actual: 3/2025, Próximo mes: 4/2025
2025-03-15 01:30:38,427 - INFO - BackgroundWorker inicializado
2025-03-15 01:30:38,427 - INFO - BackgroundTaskManager iniciado
2025-03-15 01:30:38,428 - INFO - BackgroundWorker iniciado
2025-03-15 01:31:10,467 - INFO - Estado inicial de la base de datos guardado. Mes actual: 3/2025, Próximo mes: 4/2025
2025-03-15 01:31:10,467 - INFO - BackgroundWorker inicializado
2025-03-15 01:31:10,468 - INFO - BackgroundTaskManager iniciado
2025-03-15 01:31:10,468 - INFO - BackgroundWorker iniciado
2025-03-15 01:31:38,523 - INFO - Estado inicial de la base de datos guardado. Mes actual: 3/2025, Próximo mes: 4/2025
2025-03-15 01:31:38,523 - INFO - BackgroundWorker inicializado
2025-03-15 01:31:38,523 - INFO - BackgroundTaskManager iniciado
2025-03-15 01:31:38,524 - INFO - BackgroundWorker iniciado
2025-03-15 01:32:07,499 - INFO - Estado inicial de la base de datos guardado. Mes actual: 3/2025, Próximo mes: 4/2025
2025-03-15 01:32:07,499 - INFO - BackgroundWorker inicializado
2025-03-15 01:32:07,500 - INFO - BackgroundTaskManager iniciado
2025-03-15 01:32:07,500 - INFO - BackgroundWorker iniciado
2025-03-15 01:40:19,996 - INFO - Estado inicial de la base de datos guardado. Mes actual: 3/2025, Próximo mes: 4/2025
2025-03-15 01:40:19,996 - INFO - BackgroundWorker inicializado
2025-03-15 01:40:19,997 - INFO - BackgroundTaskManager iniciado
2025-03-15 01:40:19,998 - INFO - BackgroundWorker iniciado
2025-03-15 01:40:38,834 - INFO - Estado inicial de la base de datos guardado. Mes actual: 3/2025, Próximo mes: 4/2025
2025-03-15 01:40:38,834 - INFO - BackgroundWorker inicializado
2025-03-15 01:40:38,835 - INFO - BackgroundTaskManager iniciado
2025-03-15 01:40:38,835 - INFO - BackgroundWorker iniciado
2025-03-15 01:43:29,948 - INFO - Estado inicial de la base de datos guardado. Mes actual: 3/2025, Próximo mes: 4/2025
2025-03-15 01:43:29,948 - INFO - BackgroundWorker inicializado
2025-03-15 01:43:29,948 - INFO - BackgroundTaskManager iniciado
2025-03-15 01:43:29,949 - INFO - BackgroundWorker iniciado
2025-03-15 01:45:30,019 - INFO - Estado inicial de la base de datos guardado. Mes actual: 3/2025, Próximo mes: 4/2025
2025-03-15 01:45:30,020 - INFO - BackgroundWorker inicializado
2025-03-15 01:45:30,020 - INFO - BackgroundTaskManager iniciado
2025-03-15 01:45:30,021 - INFO - BackgroundWorker iniciado
2025-03-15 01:46:30,058 - INFO - Se detectaron cambios en la base de datos, notificando a la interfaz
2025-03-15 01:47:15,027 - INFO - Estado inicial de la base de datos guardado. Mes actual: 3/2025, Próximo mes: 4/2025
2025-03-15 01:47:15,027 - INFO - BackgroundWorker inicializado
2025-03-15 01:47:15,028 - INFO - BackgroundTaskManager iniciado
2025-03-15 01:47:15,028 - INFO - BackgroundWorker iniciado
2025-03-15 01:49:06,272 - INFO - Estado inicial de la base de datos guardado. Mes actual: 3/2025, Próximo mes: 4/2025
2025-03-15 01:49:06,272 - INFO - BackgroundWorker inicializado
2025-03-15 01:49:06,273 - INFO - BackgroundTaskManager iniciado
2025-03-15 01:49:06,273 - INFO - BackgroundWorker iniciado
2025-03-15 01:51:19,985 - INFO - Estado inicial de la base de datos guardado. Mes actual: 3/2025, Próximo mes: 4/2025
2025-03-15 01:51:19,986 - INFO - BackgroundWorker inicializado
2025-03-15 01:51:19,986 - INFO - BackgroundTaskManager iniciado
2025-03-15 01:51:19,986 - INFO - BackgroundWorker iniciado
2025-03-15 01:52:04,666 - INFO - Estado inicial de la base de datos guardado. Mes actual: 3/2025, Próximo mes: 4/2025
2025-03-15 01:52:04,666 - INFO - BackgroundWorker inicializado
2025-03-15 01:52:04,667 - INFO - BackgroundTaskManager iniciado
2025-03-15 01:52:04,667 - INFO - BackgroundWorker iniciado
2025-03-15 01:54:13,310 - INFO - Estado inicial de la base de datos guardado. Mes actual: 3/2025, Próximo mes: 4/2025
2025-03-15 01:54:13,311 - INFO - BackgroundWorker inicializado
2025-03-15 01:54:13,311 - INFO - BackgroundTaskManager iniciado
2025-03-15 01:54:13,311 - INFO - BackgroundWorker iniciado
2025-03-15 01:54:39,422 - INFO - Estado inicial de la base de datos guardado. Mes actual: 3/2025, Próximo mes: 4/2025
2025-03-15 01:54:39,422 - INFO - BackgroundWorker inicializado
2025-03-15 01:54:39,422 - INFO - BackgroundTaskManager iniciado
2025-03-15 01:54:39,423 - INFO - BackgroundWorker iniciado
2025-03-15 01:55:02,571 - INFO - Estado inicial de la base de datos guardado. Mes actual: 3/2025, Próximo mes: 4/2025
2025-03-15 01:55:02,571 - INFO - BackgroundWorker inicializado
2025-03-15 01:55:02,572 - INFO - BackgroundTaskManager iniciado
2025-03-15 01:55:02,572 - INFO - BackgroundWorker iniciado
2025-03-15 01:56:35,462 - INFO - Estado inicial de la base de datos guardado. Mes actual: 3/2025, Próximo mes: 4/2025
2025-03-15 01:56:35,462 - INFO - BackgroundWorker inicializado
2025-03-15 01:56:35,463 - INFO - BackgroundTaskManager iniciado
2025-03-15 01:56:35,463 - INFO - BackgroundWorker iniciado
2025-03-15 01:57:05,467 - INFO - Se detectaron cambios en la base de datos, notificando a la interfaz
